<?xml version="1.0" encoding="UTF-8"?>
<testsuite name="day11.GameTest$PartTwo" tests="1" skipped="0" failures="0" errors="0" timestamp="2023-02-20T13:56:13" hostname="DRAGO" time="0.02">
  <properties/>
  <testcase name="Monkey business()" classname="day11.GameTest$PartTwo" time="0.02"/>
  <system-out><![CDATA[2637590098
]]></system-out>
  <system-err><![CDATA[]]></system-err>
</testsuite>
