<?xml version="1.0" encoding="UTF-8"?>
<testsuite name="chefshierarki.TomtenTest$VG" tests="2" skipped="0" failures="0" errors="0" timestamp="2023-02-23T10:32:51" hostname="DRAGO" time="0.011">
  <properties/>
  <testcase name="Get em all()" classname="chefshierarki.TomtenTest$VG" time="0.009"/>
  <testcase name="Glader Test()" classname="chefshierarki.TomtenTest$VG" time="0.001"/>
  <system-out><![CDATA[]]></system-out>
  <system-err><![CDATA[]]></system-err>
</testsuite>
